  MyApp.cpp
C:\Users\Borisz\Desktop\Szakdoga\src\MyApp.h(57,29): warning C4305: 'initializing': truncation from 'double' to 'float'
C:\Users\Borisz\Desktop\Szakdoga\src\MyApp.h(73,24): warning C4305: 'initializing': truncation from 'double' to 'float'
C:\Users\Borisz\Desktop\Szakdoga\src\MyApp.h(74,23): warning C4305: 'initializing': truncation from 'double' to 'float'
C:\Users\Borisz\Desktop\Szakdoga\src\MyApp.h(76,26): warning C4305: 'initializing': truncation from 'double' to 'float'
C:\Users\Borisz\Desktop\Szakdoga\src\MyApp.h(77,26): warning C4305: 'initializing': truncation from 'double' to 'float'
C:\Users\Borisz\Desktop\Szakdoga\src\MyApp.h(79,21): warning C4305: 'initializing': truncation from 'double' to 'float'
C:\Users\Borisz\Desktop\Szakdoga\src\MyApp.h(80,21): warning C4305: 'initializing': truncation from 'double' to 'float'
C:\Users\Borisz\Desktop\Szakdoga\src\MyApp.h(81,21): warning C4305: 'initializing': truncation from 'double' to 'float'
C:\Users\Borisz\Desktop\Szakdoga\src\MyApp.cpp(30,12): warning C4244: 'argument': conversion from 'time_t' to 'unsigned int', possible loss of data
C:\Users\Borisz\Desktop\Szakdoga\src\MyApp.cpp(158,34): warning C4244: '=': conversion from 'double' to 'float', possible loss of data
C:\Users\Borisz\Desktop\Szakdoga\src\MyApp.cpp(159,33): warning C4305: '=': truncation from 'double' to 'float'
C:\Users\Borisz\Desktop\Szakdoga\src\MyApp.cpp(266,26): warning C4305: 'argument': truncation from 'double' to 'float'
C:\Users\Borisz\Desktop\Szakdoga\src\MyApp.cpp(267,96): warning C4305: 'argument': truncation from 'double' to 'float'
C:\Users\Borisz\Desktop\Szakdoga\src\MyApp.cpp(270,21): warning C4244: 'initializing': conversion from 'double' to 'float', possible loss of data
C:\Users\Borisz\Desktop\Szakdoga\src\MyApp.cpp(283,18): warning C4305: 'initializing': truncation from 'double' to 'float'
C:\Users\Borisz\Desktop\Szakdoga\src\MyApp.cpp(310,11): warning C4244: 'initializing': conversion from 'double' to 'float', possible loss of data
C:\Users\Borisz\Desktop\Szakdoga\src\MyApp.cpp(330,29): warning C4244: 'argument': conversion from 'double' to 'float', possible loss of data
C:\Users\Borisz\Desktop\Szakdoga\src\MyApp.cpp(344,82): warning C4244: 'argument': conversion from 'double' to 'float', possible loss of data
C:\Users\Borisz\Desktop\Szakdoga\src\MyApp.cpp(365,133): warning C4305: 'argument': truncation from 'double' to 'float'
C:\Users\Borisz\Desktop\Szakdoga\src\MyApp.cpp(366,39): warning C4244: '=': conversion from 'double' to 'float', possible loss of data
C:\Users\Borisz\Desktop\Szakdoga\src\MyApp.cpp(367,39): warning C4244: '=': conversion from 'double' to 'float', possible loss of data
C:\Users\Borisz\Desktop\Szakdoga\src\MyApp.cpp(368,39): warning C4244: '=': conversion from 'double' to 'float', possible loss of data
C:\Users\Borisz\Desktop\Szakdoga\src\MyApp.cpp(369,71): warning C4244: '*=': conversion from 'double' to 'float', possible loss of data
C:\Users\Borisz\Desktop\Szakdoga\src\MyApp.cpp(370,71): warning C4244: '*=': conversion from 'double' to 'float', possible loss of data
C:\Users\Borisz\Desktop\Szakdoga\src\MyApp.cpp(371,71): warning C4244: '*=': conversion from 'double' to 'float', possible loss of data
C:\Users\Borisz\Desktop\Szakdoga\src\MyApp.cpp(380,56): warning C4305: '*=': truncation from 'double' to 'float'
C:\Users\Borisz\Desktop\Szakdoga\src\MyApp.cpp(381,56): warning C4305: '*=': truncation from 'double' to 'float'
C:\Users\Borisz\Desktop\Szakdoga\src\MyApp.cpp(382,56): warning C4305: '*=': truncation from 'double' to 'float'
C:\Users\Borisz\Desktop\Szakdoga\src\MyApp.cpp(395,24): warning C4244: '=': conversion from 'double' to 'float', possible loss of data
C:\Users\Borisz\Desktop\Szakdoga\src\MyApp.cpp(400,47): warning C4244: '+=': conversion from 'double' to 'float', possible loss of data
C:\Users\Borisz\Desktop\Szakdoga\src\MyApp.cpp(401,47): warning C4244: '+=': conversion from 'double' to 'float', possible loss of data
C:\Users\Borisz\Desktop\Szakdoga\src\MyApp.cpp(402,47): warning C4244: '+=': conversion from 'double' to 'float', possible loss of data
C:\Users\Borisz\Desktop\Szakdoga\src\MyApp.cpp(406,59): warning C4244: '-=': conversion from 'double' to 'float', possible loss of data
C:\Users\Borisz\Desktop\Szakdoga\src\MyApp.cpp(411,74): warning C4244: '+=': conversion from 'double' to 'float', possible loss of data
C:\Users\Borisz\Desktop\Szakdoga\src\MyApp.cpp(412,74): warning C4244: '+=': conversion from 'double' to 'float', possible loss of data
C:\Users\Borisz\Desktop\Szakdoga\src\MyApp.cpp(413,74): warning C4244: '+=': conversion from 'double' to 'float', possible loss of data
C:\Users\Borisz\Desktop\Szakdoga\src\MyApp.cpp(419,20): warning C4244: '=': conversion from 'double' to 'int', possible loss of data
C:\Users\Borisz\Desktop\Szakdoga\src\MyApp.cpp(449,32): warning C4244: 'argument': conversion from 'double' to 'float', possible loss of data
C:\Users\Borisz\Desktop\Szakdoga\src\MyApp.cpp(471,28): warning C4244: '=': conversion from 'int' to 'float', possible loss of data
C:\Users\Borisz\Desktop\Szakdoga\src\MyApp.cpp(506,22): warning C4244: '=': conversion from 'double' to 'float', possible loss of data
C:\Users\Borisz\Desktop\Szakdoga\src\MyApp.cpp(510,44): warning C4244: '=': conversion from 'double' to 'float', possible loss of data
C:\Users\Borisz\Desktop\Szakdoga\src\MyApp.cpp(511,44): warning C4244: '=': conversion from 'double' to 'float', possible loss of data
C:\Users\Borisz\Desktop\Szakdoga\src\MyApp.cpp(512,44): warning C4244: '=': conversion from 'double' to 'float', possible loss of data
C:\Users\Borisz\Desktop\Szakdoga\src\MyApp.cpp(513,43): warning C4244: '=': conversion from 'double' to 'float', possible loss of data
C:\Users\Borisz\Desktop\Szakdoga\src\MyApp.cpp(514,43): warning C4244: '=': conversion from 'double' to 'float', possible loss of data
C:\Users\Borisz\Desktop\Szakdoga\src\MyApp.cpp(515,43): warning C4244: '=': conversion from 'double' to 'float', possible loss of data
C:\Users\Borisz\Desktop\Szakdoga\src\MyApp.cpp(516,44): warning C4244: '=': conversion from 'double' to 'float', possible loss of data
C:\Users\Borisz\Desktop\Szakdoga\src\MyApp.cpp(517,44): warning C4244: '=': conversion from 'double' to 'float', possible loss of data
C:\Users\Borisz\Desktop\Szakdoga\src\MyApp.cpp(518,44): warning C4244: '=': conversion from 'double' to 'float', possible loss of data
C:\Users\Borisz\Desktop\Szakdoga\src\MyApp.cpp(520,22): warning C4244: '=': conversion from 'double' to 'float', possible loss of data
C:\Users\Borisz\Desktop\Szakdoga\src\MyApp.cpp(632,16): warning C4305: '*=': truncation from 'double' to 'float'
C:\Users\Borisz\Desktop\Szakdoga\src\MyApp.cpp(636,16): warning C4305: '*=': truncation from 'double' to 'float'
C:\Users\Borisz\Desktop\Szakdoga\src\MyApp.cpp(643,23): warning C4305: '*=': truncation from 'double' to 'float'
C:\Users\Borisz\Desktop\Szakdoga\src\MyApp.cpp(648,23): warning C4305: '*=': truncation from 'double' to 'float'
  Generating code
  1 of 1128 functions (<0.1%) were compiled, the rest were copied from previous compilation.
    0 functions were new in current compilation
    13 functions had inline decision re-evaluated but remain unchanged
  Finished generating code
  01_Transforms.vcxproj -> C:\Users\Borisz\Desktop\Szakdoga\src\Release\FractalCollision.exe
